<?xml version="1.0" encoding="UTF-8"?>
<testng-results skipped="0" failed="0" ignored="0" total="2" passed="2">
  <reporter-output>
  </reporter-output>
  <suite name="Default suite" duration-ms="6455" started-at="2020-09-27T23:41:57 IST" finished-at="2020-09-27T23:42:03 IST">
    <groups>
      <group name="cucumber">
        <method signature="AbstractTestNGCucumberTests.runScenario(io.cucumber.testng.PickleWrapper, io.cucumber.testng.FeatureWrapper)[pri:0, instance:Test_Runner.Test_Runner_Class@5c18298f]" name="runScenario" class="io.cucumber.testng.AbstractTestNGCucumberTests"/>
      </group> <!-- cucumber -->
    </groups>
    <test name="Default test" duration-ms="6455" started-at="2020-09-27T23:41:57 IST" finished-at="2020-09-27T23:42:03 IST">
      <class name="Test_Runner.Test_Runner_Class">
        <test-method status="PASS" signature="setUpClass()[pri:0, instance:Test_Runner.Test_Runner_Class@5c18298f]" name="setUpClass" is-config="true" duration-ms="507" started-at="2020-09-27T23:41:57 IST" finished-at="2020-09-27T23:41:58 IST">
          <reporter-output>
          </reporter-output>
        </test-method> <!-- setUpClass -->
        <test-method status="PASS" signature="runScenario(io.cucumber.testng.PickleWrapper, io.cucumber.testng.FeatureWrapper)[pri:0, instance:Test_Runner.Test_Runner_Class@5c18298f]" name="runScenario" duration-ms="5571" started-at="2020-09-27T23:41:58 IST" description="Runs Cucumber Scenarios" data-provider="scenarios" finished-at="2020-09-27T23:42:03 IST">
          <params>
            <param index="0">
              <value>
                <![CDATA["To test all the four request methods"]]>
              </value>
            </param>
            <param index="1">
              <value>
                <![CDATA["Optional[To validate the all the basic request of rahuk shetty]"]]>
              </value>
            </param>
          </params>
          <reporter-output>
          </reporter-output>
        </test-method> <!-- runScenario -->
        <test-method status="PASS" signature="runScenario(io.cucumber.testng.PickleWrapper, io.cucumber.testng.FeatureWrapper)[pri:0, instance:Test_Runner.Test_Runner_Class@5c18298f]" name="runScenario" duration-ms="312" started-at="2020-09-27T23:42:03 IST" description="Runs Cucumber Scenarios" data-provider="scenarios" finished-at="2020-09-27T23:42:03 IST">
          <params>
            <param index="0">
              <value>
                <![CDATA["To test all the four request methods"]]>
              </value>
            </param>
            <param index="1">
              <value>
                <![CDATA["Optional[To validate the all the basic request of rahuk shetty]"]]>
              </value>
            </param>
          </params>
          <reporter-output>
          </reporter-output>
        </test-method> <!-- runScenario -->
        <test-method status="PASS" signature="tearDownClass()[pri:0, instance:Test_Runner.Test_Runner_Class@5c18298f]" name="tearDownClass" is-config="true" duration-ms="4" started-at="2020-09-27T23:42:03 IST" finished-at="2020-09-27T23:42:03 IST">
          <reporter-output>
          </reporter-output>
        </test-method> <!-- tearDownClass -->
      </class> <!-- Test_Runner.Test_Runner_Class -->
    </test> <!-- Default test -->
  </suite> <!-- Default suite -->
</testng-results>
