<?xml version="1.0" encoding="UTF-8"?>
<testng-results skipped="0" failed="0" ignored="0" total="4" passed="4">
  <reporter-output>
  </reporter-output>
  <suite name="Default suite" duration-ms="9203" started-at="2020-09-26T23:49:39 IST" finished-at="2020-09-26T23:49:48 IST">
    <groups>
    </groups>
    <test name="Default test" duration-ms="9203" started-at="2020-09-26T23:49:39 IST" finished-at="2020-09-26T23:49:48 IST">
      <class name="API_Methods.Calling_Methods_Using_HashMap">
        <test-method status="PASS" signature="PostMethod()[pri:0, instance:API_Methods.Calling_Methods_Using_HashMap@7403c468]" name="PostMethod" duration-ms="4147" started-at="2020-09-26T23:49:39 IST" finished-at="2020-09-26T23:49:43 IST">
          <reporter-output>
          </reporter-output>
        </test-method> <!-- PostMethod -->
        <test-method status="PASS" signature="PutMthod()[pri:1, instance:API_Methods.Calling_Methods_Using_HashMap@7403c468]" name="PutMthod" duration-ms="1716" started-at="2020-09-26T23:49:43 IST" finished-at="2020-09-26T23:49:45 IST">
          <reporter-output>
          </reporter-output>
        </test-method> <!-- PutMthod -->
        <test-method status="PASS" signature="GettMethod()[pri:2, instance:API_Methods.Calling_Methods_Using_HashMap@7403c468]" name="GettMethod" duration-ms="1553" started-at="2020-09-26T23:49:45 IST" finished-at="2020-09-26T23:49:47 IST">
          <reporter-output>
          </reporter-output>
        </test-method> <!-- GettMethod -->
        <test-method status="PASS" signature="DeleteMthod()[pri:3, instance:API_Methods.Calling_Methods_Using_HashMap@7403c468]" name="DeleteMthod" duration-ms="1694" started-at="2020-09-26T23:49:47 IST" finished-at="2020-09-26T23:49:48 IST">
          <reporter-output>
          </reporter-output>
        </test-method> <!-- DeleteMthod -->
      </class> <!-- API_Methods.Calling_Methods_Using_HashMap -->
    </test> <!-- Default test -->
  </suite> <!-- Default suite -->
</testng-results>
