<?xml version="1.0" encoding="UTF-8"?>
<!-- Generated by org.testng.reporters.JUnitXMLReporter -->
<testsuite hostname="DESKTOP-G28MNR6" ignored="0" name="Default test" tests="4" failures="0" timestamp="2020-09-26T23:49:48 IST" time="9.203" errors="0">
  <testcase name="PostMethod" time="4.147" classname="API_Methods.Calling_Methods_Using_HashMap"/>
  <testcase name="PutMthod" time="1.716" classname="API_Methods.Calling_Methods_Using_HashMap"/>
  <testcase name="GettMethod" time="1.553" classname="API_Methods.Calling_Methods_Using_HashMap"/>
  <testcase name="DeleteMthod" time="1.694" classname="API_Methods.Calling_Methods_Using_HashMap"/>
</testsuite> <!-- Default test -->
